<?xml version="1.0" encoding="UTF-8"?>
<!-- Generated by org.testng.reporters.JUnitXMLReporter -->
<testsuite ignored="0" hostname="W10CG753X2" failures="0" tests="1" name="Test" time="0.037" errors="0" timestamp="2022-03-14T15:59:09 IST">
  <testcase classname="com.shopclues.baseclass.Baseclass" name="@BeforeSuite setupApplication" time="5.035">
    <failure type="org.openqa.selenium.WebDriverException" message="Connection refused: connect
Command duration or timeout: 4.42 seconds
Build info: version: &amp;apos;2.53.0&amp;apos;, revision: &amp;apos;35ae25b&amp;apos;, time: &amp;apos;2016-03-15 17:00:58&amp;apos;
System info: host: &amp;apos;W10CG753X2&amp;apos;, ip: &amp;apos;10.91.65.83&amp;apos;, os.name: &amp;apos;Windows 10&amp;apos;, os.arch: &amp;apos;amd64&amp;apos;, os.version: &amp;apos;10.0&amp;apos;, java.version: &amp;apos;11.0.13&amp;apos;
Driver info: org.openqa.selenium.remote.RemoteWebDriver">
      <![CDATA[org.openqa.selenium.WebDriverException: Connection refused: connect
Command duration or timeout: 4.42 seconds
Build info: version: '2.53.0', revision: '35ae25b', time: '2016-03-15 17:00:58'
System info: host: 'W10CG753X2', ip: '10.91.65.83', os.name: 'Windows 10', os.arch: 'amd64', os.version: '10.0', java.version: '11.0.13'
Driver info: org.openqa.selenium.remote.RemoteWebDriver
at org.openqa.selenium.remote.ErrorHandler.createThrowable(ErrorHandler.java:206)
at org.openqa.selenium.remote.ErrorHandler.throwIfResponseFailed(ErrorHandler.java:158)
at org.openqa.selenium.remote.RemoteWebDriver.execute(RemoteWebDriver.java:678)
at org.openqa.selenium.remote.RemoteWebDriver.startSession(RemoteWebDriver.java:249)
at org.openqa.selenium.remote.RemoteWebDriver.<init>(RemoteWebDriver.java:131)
at org.openqa.selenium.remote.RemoteWebDriver.<init>(RemoteWebDriver.java:158)
at com.shopclues.baseclass.Baseclass.setupApplication(Baseclass.java:60)
Caused by: java.net.ConnectException: Connection refused: connect
at java.net.PlainSocketImpl.waitForConnect(Native Method)
at java.net.PlainSocketImpl.socketConnect(PlainSocketImpl.java:107)
at java.net.AbstractPlainSocketImpl.doConnect(AbstractPlainSocketImpl.java:412)
at java.net.AbstractPlainSocketImpl.connectToAddress(AbstractPlainSocketImpl.java:255)
at java.net.AbstractPlainSocketImpl.connect(AbstractPlainSocketImpl.java:237)
at java.net.SocksSocketImpl.connect(SocksSocketImpl.java:392)
at java.net.Socket.connect(Socket.java:608)
at org.apache.http.conn.socket.PlainConnectionSocketFactory.connectSocket(PlainConnectionSocketFactory.java:74)
at org.apache.http.impl.conn.DefaultHttpClientConnectionOperator.connect(DefaultHttpClientConnectionOperator.java:134)
at org.apache.http.impl.conn.PoolingHttpClientConnectionManager.connect(PoolingHttpClientConnectionManager.java:353)
at org.apache.http.impl.execchain.MainClientExec.establishRoute(MainClientExec.java:380)
at org.apache.http.impl.execchain.MainClientExec.execute(MainClientExec.java:236)
at org.apache.http.impl.execchain.ProtocolExec.execute(ProtocolExec.java:184)
at org.apache.http.impl.execchain.RetryExec.execute(RetryExec.java:88)
at org.apache.http.impl.execchain.RedirectExec.execute(RedirectExec.java:110)
at org.apache.http.impl.client.InternalHttpClient.doExecute(InternalHttpClient.java:184)
at org.apache.http.impl.client.CloseableHttpClient.execute(CloseableHttpClient.java:71)
at org.apache.http.impl.client.CloseableHttpClient.execute(CloseableHttpClient.java:55)
at org.openqa.selenium.remote.internal.ApacheHttpClient.fallBackExecute(ApacheHttpClient.java:144)
at org.openqa.selenium.remote.internal.ApacheHttpClient.execute(ApacheHttpClient.java:90)
at org.openqa.selenium.remote.HttpCommandExecutor.execute(HttpCommandExecutor.java:142)
at org.openqa.selenium.remote.service.DriverCommandExecutor.execute(DriverCommandExecutor.java:82)
at org.openqa.selenium.remote.RemoteWebDriver.execute(RemoteWebDriver.java:644)
at org.openqa.selenium.remote.RemoteWebDriver.startSession(RemoteWebDriver.java:249)
at org.openqa.selenium.remote.RemoteWebDriver.startSession(RemoteWebDriver.java:234)
at org.openqa.selenium.firefox.MarionetteDriver.run(MarionetteDriver.java:79)
at org.openqa.selenium.firefox.MarionetteDriver.<init>(MarionetteDriver.java:73)
at org.openqa.selenium.firefox.MarionetteDriver.<init>(MarionetteDriver.java:49)
at org.openqa.selenium.remote.server.FirefoxDriverProvider.callConstructor(FirefoxDriverProvider.java:91)
at org.openqa.selenium.remote.server.FirefoxDriverProvider.newInstance(FirefoxDriverProvider.java:66)
at org.openqa.selenium.remote.server.DefaultDriverFactory.newInstance(DefaultDriverFactory.java:60)
at org.openqa.selenium.remote.server.DefaultSession$BrowserCreator.call(DefaultSession.java:222)
at org.openqa.selenium.remote.server.DefaultSession$BrowserCreator.call(DefaultSession.java:1)
at java.util.concurrent.FutureTask.run(FutureTask.java:264)
at org.openqa.selenium.remote.server.DefaultSession$1.run(DefaultSession.java:176)
at java.util.concurrent.ThreadPoolExecutor.runWorker(ThreadPoolExecutor.java:1128)
at java.util.concurrent.ThreadPoolExecutor$Worker.run(ThreadPoolExecutor.java:628)
at java.lang.Thread.run(Thread.java:834)
... Removed 31 stack frames]]>
    </failure>
  </testcase> <!-- @BeforeSuite setupApplication -->
  <testcase classname="com.shopclues.tests.TS_003_PRODUCT_COUNT" name="@BeforeTest beforeTest" time="-1.647253749228E9">
    <skipped/>
  </testcase> <!-- @BeforeTest beforeTest -->
  <testcase classname="com.shopclues.tests.TS_003_PRODUCT_COUNT" name="@AfterTest afterTest" time="-1.647253749265E9">
    <skipped/>
  </testcase> <!-- @AfterTest afterTest -->
  <testcase classname="com.shopclues.tests.TS_003_PRODUCT_COUNT" name="productCount" time="0.0">
    <skipped/>
  </testcase> <!-- productCount -->
</testsuite> <!-- Test -->
