<?xml version="1.0" encoding="UTF-8"?>
<testsuite xmlns:xsi="http://www.w3.org/2001/XMLSchema-instance" xsi:noNamespaceSchemaLocation="https://maven.apache.org/surefire/maven-surefire-plugin/xsd/surefire-test-report-3.0.xsd" version="3.0" name="TestSuite" time="9.196" tests="5" errors="0" skipped="4" failures="1">
  <properties>
[...]
</properties>
  <testcase name="setupApplication[firefox](0)" classname="com.shopclues.tests.TS_003_PRODUCT_COUNT" time="8.791">
    <failure message="Connection refused: connect&#10;Command duration or timeout: 4.42 seconds&#10;Build info: version: &apos;2.53.0&apos;, revision: &apos;35ae25b&apos;, time: &apos;2016-03-15 17:00:58&apos;&#10;System info: host: &apos;W10CG753X2&apos;, ip: &apos;10.91.65.83&apos;, os.name: &apos;Windows 10&apos;, os.arch: &apos;amd64&apos;, os.version: &apos;10.0&apos;, java.version: &apos;11.0.13&apos;&#10;Driver info: org.openqa.selenium.remote.RemoteWebDriver" type="org.openqa.selenium.WebDriverException"><![CDATA[org.openqa.selenium.WebDriverException: 
Connection refused: connect
Command duration or timeout: 4.42 seconds
Build info: version: '2.53.0', revision: '35ae25b', time: '2016-03-15 17:00:58'
System info: host: 'W10CG753X2', ip: '10.91.65.83', os.name: 'Windows 10', os.arch: 'amd64', os.version: '10.0', java.version: '11.0.13'
Driver info: org.openqa.selenium.remote.RemoteWebDriver
Caused by: java.net.ConnectException: Connection refused: connect
]]></failure>
    <system-out><![CDATA[===== Browser Session Started =====
]]></system-out>
  </testcase>
  <testcase name="beforeTest" classname="com.shopclues.tests.TS_003_PRODUCT_COUNT" time="0">
    <skipped/>
    <system-out><![CDATA[****************SUITE STARTED*************
]]></system-out>
  </testcase>
  <testcase name="productCount" classname="com.shopclues.tests.TS_003_PRODUCT_COUNT" time="0">
    <skipped message="Connection refused: connect&#10;Command duration or timeout: 4.42 seconds&#10;Build info: version: &apos;2.53.0&apos;, revision: &apos;35ae25b&apos;, time: &apos;2016-03-15 17:00:58&apos;&#10;System info: host: &apos;W10CG753X2&apos;, ip: &apos;10.91.65.83&apos;, os.name: &apos;Windows 10&apos;, os.arch: &apos;amd64&apos;, os.version: &apos;10.0&apos;, java.version: &apos;11.0.13&apos;&#10;Driver info: org.openqa.selenium.remote.RemoteWebDriver"/>
    <system-out><![CDATA[Test case started: PRODUCTCOUNT
]]></system-out>
  </testcase>
  <testcase name="afterTest" classname="com.shopclues.tests.TS_003_PRODUCT_COUNT" time="0">
    <skipped/>
    <system-out><![CDATA[The name of the testcase Skipped is: PRODUCTCOUNT
]]></system-out>
  </testcase>
  <testcase name="afterSuite" classname="com.shopclues.tests.TS_003_PRODUCT_COUNT" time="0">
    <skipped/>
    <system-out><![CDATA[****************SUITE FINISHED*************
]]></system-out>
  </testcase>
</testsuite>