<?xml version="1.0" encoding="UTF-8"?>
<testng-results ignored="0" total="1" passed="1" failed="0" skipped="0">
  <reporter-output>
    <line>
      <![CDATA[===== Browser Session Started =====]]>
    </line>
    <line>
      <![CDATA[=====Application Started=====]]>
    </line>
    <line>
      <![CDATA[Results of products found 1932]]>
    </line>
  </reporter-output>
  <suite started-at="2022-03-12T23:31:03 IST" name="Default suite" finished-at="2022-03-12T23:32:29 IST" duration-ms="85617">
    <groups>
    </groups>
    <test started-at="2022-03-12T23:31:03 IST" name="Default test" finished-at="2022-03-12T23:32:29 IST" duration-ms="85617">
      <class name="com.shopclues.tests.TS_003_PRODUCT_COUNT">
        <test-method is-config="true" signature="setupApplication()[pri:0, instance:com.shopclues.tests.TS_003_PRODUCT_COUNT@52f27fbd]" started-at="2022-03-12T23:30:58 IST" name="setupApplication" finished-at="2022-03-12T23:31:03 IST" duration-ms="4650" status="PASS">
          <reporter-output>
            <line>
              <![CDATA[===== Browser Session Started =====]]>
            </line>
            <line>
              <![CDATA[=====Application Started=====]]>
            </line>
          </reporter-output>
        </test-method> <!-- setupApplication -->
        <test-method is-config="true" signature="beforeTest()[pri:0, instance:com.shopclues.tests.TS_003_PRODUCT_COUNT@52f27fbd]" started-at="2022-03-12T23:31:03 IST" name="beforeTest" finished-at="2022-03-12T23:31:58 IST" duration-ms="54769" status="PASS">
          <reporter-output>
          </reporter-output>
        </test-method> <!-- beforeTest -->
        <test-method signature="productCount()[pri:0, instance:com.shopclues.tests.TS_003_PRODUCT_COUNT@52f27fbd]" started-at="2022-03-12T23:31:58 IST" name="productCount" finished-at="2022-03-12T23:32:27 IST" duration-ms="28994" status="PASS">
          <reporter-output>
            <line>
              <![CDATA[Results of products found 1932]]>
            </line>
          </reporter-output>
        </test-method> <!-- productCount -->
        <test-method is-config="true" signature="afterTest()[pri:0, instance:com.shopclues.tests.TS_003_PRODUCT_COUNT@52f27fbd]" started-at="2022-03-12T23:32:27 IST" name="afterTest" finished-at="2022-03-12T23:32:29 IST" duration-ms="1780" status="PASS">
          <reporter-output>
          </reporter-output>
        </test-method> <!-- afterTest -->
      </class> <!-- com.shopclues.tests.TS_003_PRODUCT_COUNT -->
    </test> <!-- Default test -->
  </suite> <!-- Default suite -->
</testng-results>
